1553517658949	mozrunner::runner	INFO	Running command: "/usr/bin/firefox" "-marionette" "-foreground" "-no-remote" "-profile" "/tmp/rust_mozprofile.fw2ecekkkkPD"
1553517659298	addons.webextension.screenshots@mozilla.org	WARN	Loading extension 'screenshots@mozilla.org': Reading manifest: Invalid host permission: resource://pdf.js/
1553517659298	addons.webextension.screenshots@mozilla.org	WARN	Loading extension 'screenshots@mozilla.org': Reading manifest: Invalid host permission: about:reader*
1553517660660	Marionette	INFO	Listening on port 46597
1553517660772	Marionette	WARN	TLS certificate errors will be ignored for this session
1553517671598	mozrunner::runner	INFO	Running command: "/usr/bin/firefox" "-marionette" "-foreground" "-no-remote" "-profile" "/tmp/rust_mozprofile.ORv97FE59y5a"
1553517671925	addons.webextension.screenshots@mozilla.org	WARN	Loading extension 'screenshots@mozilla.org': Reading manifest: Invalid host permission: resource://pdf.js/
1553517671925	addons.webextension.screenshots@mozilla.org	WARN	Loading extension 'screenshots@mozilla.org': Reading manifest: Invalid host permission: about:reader*
1553517673161	Marionette	INFO	Listening on port 33571
1553517673217	Marionette	WARN	TLS certificate errors will be ignored for this session
1553517683287	mozrunner::runner	INFO	Running command: "/usr/bin/firefox" "-marionette" "-foreground" "-no-remote" "-profile" "/tmp/rust_mozprofile.sVlFopWpYnrA"
1553517683621	addons.webextension.screenshots@mozilla.org	WARN	Loading extension 'screenshots@mozilla.org': Reading manifest: Invalid host permission: resource://pdf.js/
1553517683622	addons.webextension.screenshots@mozilla.org	WARN	Loading extension 'screenshots@mozilla.org': Reading manifest: Invalid host permission: about:reader*
1553517685070	Marionette	INFO	Listening on port 41051
1553517685097	Marionette	WARN	TLS certificate errors will be ignored for this session
console.error: BroadcastService: 
  receivedBroadcastMessage: handler for
  remote-settings/monitor_changes
  threw error:
  Message: Error: Polling for changes failed: NetworkError when attempting to fetch resource..
  Stack:
    remoteSettingsFunction/remoteSettings.pollChanges@resource://services-settings/remote-settings.js:188:13

console.error: BroadcastService: 
  receivedBroadcastMessage: handler for
  remote-settings/monitor_changes
  threw error:
  Message: Error: Polling for changes failed: NetworkError when attempting to fetch resource..
  Stack:
    remoteSettingsFunction/remoteSettings.pollChanges@resource://services-settings/remote-settings.js:188:13

console.error: BroadcastService: 
  receivedBroadcastMessage: handler for
  remote-settings/monitor_changes
  threw error:
  Message: Error: Polling for changes failed: NetworkError when attempting to fetch resource..
  Stack:
    remoteSettingsFunction/remoteSettings.pollChanges@resource://services-settings/remote-settings.js:188:13

1553517772284	Marionette	INFO	Stopped listening on port 41051
[Parent 20855, Gecko_IOThread] WARNING: pipe error (81): Connection reset by peer: file /build/firefox-DVGW0d/firefox-65.0.1+build2/ipc/chromium/src/chrome/common/ipc_channel_posix.cc, line 349
[Parent 20855, Gecko_IOThread] WARNING: pipe error (78): Connection reset by peer: file /build/firefox-DVGW0d/firefox-65.0.1+build2/ipc/chromium/src/chrome/common/ipc_channel_posix.cc, line 349
[Parent 20578, Gecko_IOThread] WARNING: pipe error (78): Connection reset by peer: file /build/firefox-DVGW0d/firefox-65.0.1+build2/ipc/chromium/src/chrome/common/ipc_channel_posix.cc, line 349
[Parent 20578, Gecko_IOThread] WARNING: pipe error (84): Connection reset by peer: file /build/firefox-DVGW0d/firefox-65.0.1+build2/ipc/chromium/src/chrome/common/ipc_channel_posix.cc, line 349
1553517776222	Marionette	INFO	Stopped listening on port 33571
1553517776229	Marionette	INFO	Stopped listening on port 46597
1553517824517	mozrunner::runner	INFO	Running command: "/usr/bin/firefox" "-marionette" "-foreground" "-no-remote" "-profile" "/tmp/rust_mozprofile.M6aLcZWxeouM"
1553517824866	addons.webextension.screenshots@mozilla.org	WARN	Loading extension 'screenshots@mozilla.org': Reading manifest: Invalid host permission: resource://pdf.js/
1553517824866	addons.webextension.screenshots@mozilla.org	WARN	Loading extension 'screenshots@mozilla.org': Reading manifest: Invalid host permission: about:reader*
1553517826147	Marionette	INFO	Listening on port 41353
1553517826235	Marionette	WARN	TLS certificate errors will be ignored for this session
1553517861169	mozrunner::runner	INFO	Running command: "/usr/bin/firefox" "-marionette" "-foreground" "-no-remote" "-profile" "/tmp/rust_mozprofile.yBYK2kfJBZTp"
1553517861515	addons.webextension.screenshots@mozilla.org	WARN	Loading extension 'screenshots@mozilla.org': Reading manifest: Invalid host permission: resource://pdf.js/
1553517861515	addons.webextension.screenshots@mozilla.org	WARN	Loading extension 'screenshots@mozilla.org': Reading manifest: Invalid host permission: about:reader*
1553517862879	Marionette	INFO	Listening on port 33541
1553517863004	Marionette	WARN	TLS certificate errors will be ignored for this session
1553517883423	mozrunner::runner	INFO	Running command: "/usr/bin/firefox" "-marionette" "-foreground" "-no-remote" "-profile" "/tmp/rust_mozprofile.8xAK59pH7iZA"
1553517883752	addons.webextension.screenshots@mozilla.org	WARN	Loading extension 'screenshots@mozilla.org': Reading manifest: Invalid host permission: resource://pdf.js/
1553517883752	addons.webextension.screenshots@mozilla.org	WARN	Loading extension 'screenshots@mozilla.org': Reading manifest: Invalid host permission: about:reader*
1553517885025	Marionette	INFO	Listening on port 39511
1553517885036	Marionette	WARN	TLS certificate errors will be ignored for this session
Exiting due to channel error.
Exiting due to channel error.
Exiting due to channel error.
1553517938803	mozrunner::runner	INFO	Running command: "/usr/bin/firefox" "-marionette" "-foreground" "-no-remote" "-profile" "/tmp/rust_mozprofile.YeDb9gki4Vrx"
1553517939152	addons.webextension.screenshots@mozilla.org	WARN	Loading extension 'screenshots@mozilla.org': Reading manifest: Invalid host permission: resource://pdf.js/
1553517939153	addons.webextension.screenshots@mozilla.org	WARN	Loading extension 'screenshots@mozilla.org': Reading manifest: Invalid host permission: about:reader*
1553517940454	Marionette	INFO	Listening on port 41955
1553517940521	Marionette	WARN	TLS certificate errors will be ignored for this session
Exiting due to channel error.
Exiting due to channel error.
Exiting due to channel error.
1553517983649	mozrunner::runner	INFO	Running command: "/usr/bin/firefox" "-marionette" "-foreground" "-no-remote" "-profile" "/tmp/rust_mozprofile.g0hZf3seCO4I"
1553517984003	addons.webextension.screenshots@mozilla.org	WARN	Loading extension 'screenshots@mozilla.org': Reading manifest: Invalid host permission: resource://pdf.js/
1553517984004	addons.webextension.screenshots@mozilla.org	WARN	Loading extension 'screenshots@mozilla.org': Reading manifest: Invalid host permission: about:reader*
1553517985304	Marionette	INFO	Listening on port 45027
1553517985362	Marionette	WARN	TLS certificate errors will be ignored for this session
Exiting due to channel error.
[Child 22945, Chrome_ChildThread] WARNING: pipe error (3): Connection reset by peer: file /build/firefox-DVGW0d/firefox-65.0.1+build2/ipc/chromium/src/chrome/common/ipc_channel_posix.cc, line 349
Exiting due to channel error.
Exiting due to channel error.
1553518016551	mozrunner::runner	INFO	Running command: "/usr/bin/firefox" "-marionette" "-foreground" "-no-remote" "-profile" "/tmp/rust_mozprofile.NcaLOHiY4Xsj"
1553518016899	addons.webextension.screenshots@mozilla.org	WARN	Loading extension 'screenshots@mozilla.org': Reading manifest: Invalid host permission: resource://pdf.js/
1553518016900	addons.webextension.screenshots@mozilla.org	WARN	Loading extension 'screenshots@mozilla.org': Reading manifest: Invalid host permission: about:reader*
1553518018171	Marionette	INFO	Listening on port 42955
1553518018260	Marionette	WARN	TLS certificate errors will be ignored for this session
1553518068144	mozrunner::runner	INFO	Running command: "/usr/bin/firefox" "-marionette" "-foreground" "-no-remote" "-profile" "/tmp/rust_mozprofile.mTztILKln7qN"
1553518068474	addons.webextension.screenshots@mozilla.org	WARN	Loading extension 'screenshots@mozilla.org': Reading manifest: Invalid host permission: resource://pdf.js/
1553518068474	addons.webextension.screenshots@mozilla.org	WARN	Loading extension 'screenshots@mozilla.org': Reading manifest: Invalid host permission: about:reader*
1553518069720	Marionette	INFO	Listening on port 43077
1553518069755	Marionette	WARN	TLS certificate errors will be ignored for this session
JavaScript error: https://nav.files.bbci.co.uk/orbit/2.0.0-522.0b452914/js/require.min.js, line 1: Error: Script error for "mybbc/notifications/NotificationsMain"
http://requirejs.org/docs/errors.html#scripterror
JavaScript error: https://nav.files.bbci.co.uk/orbit/2.0.0-522.0b452914/js/require.min.js, line 1: Error: Script error for "idcta-v2/translations", needed by: idcta-v2/id-config
http://requirejs.org/docs/errors.html#scripterror
JavaScript error: https://nav.files.bbci.co.uk/orbit/2.0.0-522.0b452914/js/require.min.js, line 1: Error: Script error for "idcta-v2/config", needed by: idcta-v2/id-config
http://requirejs.org/docs/errors.html#scripterror
JavaScript error: https://nav.files.bbci.co.uk/orbit/2.0.0-522.0b452914/js/require.min.js, line 1: Error: Script error for "util/logger"
http://requirejs.org/docs/errors.html#scripterror

(/usr/lib/firefox/firefox:23836): dconf-WARNING **: 20:49:37.774: Unable to open /var/lib/snapd/desktop/dconf/profile/user: Permission denied
JavaScript error: https://static.adsafeprotected.com/sca.17.4.95.js, line 33: TypeError: The ReadableStream reader was released.
1553518191727	mozrunner::runner	INFO	Running command: "/usr/bin/firefox" "-marionette" "-foreground" "-no-remote" "-profile" "/tmp/rust_mozprofile.cJVXmc5XNKf4"
1553518192057	addons.webextension.screenshots@mozilla.org	WARN	Loading extension 'screenshots@mozilla.org': Reading manifest: Invalid host permission: resource://pdf.js/
1553518192057	addons.webextension.screenshots@mozilla.org	WARN	Loading extension 'screenshots@mozilla.org': Reading manifest: Invalid host permission: about:reader*
1553518193361	Marionette	INFO	Listening on port 38909
1553518193432	Marionette	WARN	TLS certificate errors will be ignored for this session
1553518263573	mozrunner::runner	INFO	Running command: "/usr/bin/firefox" "-marionette" "-foreground" "-no-remote" "-profile" "/tmp/rust_mozprofile.o5HwSCV49g0f"
1553518263908	addons.webextension.screenshots@mozilla.org	WARN	Loading extension 'screenshots@mozilla.org': Reading manifest: Invalid host permission: resource://pdf.js/
1553518263909	addons.webextension.screenshots@mozilla.org	WARN	Loading extension 'screenshots@mozilla.org': Reading manifest: Invalid host permission: about:reader*
1553518265218	Marionette	INFO	Listening on port 43109
1553518265280	Marionette	WARN	TLS certificate errors will be ignored for this session
[Parent 24358, Gecko_IOThread] WARNING: pipe error (78): Connection reset by peer: file /build/firefox-DVGW0d/firefox-65.0.1+build2/ipc/chromium/src/chrome/common/ipc_channel_posix.cc, line 349
[Parent 24358, Gecko_IOThread] WARNING: pipe error (84): Connection reset by peer: file /build/firefox-DVGW0d/firefox-65.0.1+build2/ipc/chromium/src/chrome/common/ipc_channel_posix.cc, line 349
[Parent 24358, Gecko_IOThread] WARNING: pipe error (130): Connection reset by peer: file /build/firefox-DVGW0d/firefox-65.0.1+build2/ipc/chromium/src/chrome/common/ipc_channel_posix.cc, line 349
1553518303003	Marionette	INFO	Stopped listening on port 43109
console.error: BroadcastService: 
  receivedBroadcastMessage: handler for
  remote-settings/monitor_changes
  threw error:
  Message: Error: Polling for changes failed: NetworkError when attempting to fetch resource..
  Stack:
    remoteSettingsFunction/remoteSettings.pollChanges@resource://services-settings/remote-settings.js:188:13

console.error: BroadcastService: 
  receivedBroadcastMessage: handler for
  remote-settings/monitor_changes
  threw error:
  Message: Error: Polling for changes failed: NetworkError when attempting to fetch resource..
  Stack:
    remoteSettingsFunction/remoteSettings.pollChanges@resource://services-settings/remote-settings.js:188:13

console.error: BroadcastService: 
  receivedBroadcastMessage: handler for
  remote-settings/monitor_changes
  threw error:
  Message: Error: Polling for changes failed: NetworkError when attempting to fetch resource..
  Stack:
    remoteSettingsFunction/remoteSettings.pollChanges@resource://services-settings/remote-settings.js:188:13

console.error: BroadcastService: 
  receivedBroadcastMessage: handler for
  remote-settings/monitor_changes
  threw error:
  Message: Error: Polling for changes failed: NetworkError when attempting to fetch resource..
  Stack:
    remoteSettingsFunction/remoteSettings.pollChanges@resource://services-settings/remote-settings.js:188:13

console.error: BroadcastService: 
  receivedBroadcastMessage: handler for
  remote-settings/monitor_changes
  threw error:
  Message: Error: Polling for changes failed: NetworkError when attempting to fetch resource..
  Stack:
    remoteSettingsFunction/remoteSettings.pollChanges@resource://services-settings/remote-settings.js:188:13

[Parent 24021, Gecko_IOThread] WARNING: pipe error (81): Connection reset by peer: file /build/firefox-DVGW0d/firefox-65.0.1+build2/ipc/chromium/src/chrome/common/ipc_channel_posix.cc, line 349
[Parent 23103, Gecko_IOThread] WARNING: pipe error (78): Connection reset by peer: file /build/firefox-DVGW0d/firefox-65.0.1+build2/ipc/chromium/src/chrome/common/ipc_channel_posix.cc, line 349
JavaScript error: resource://gre/modules/WebProgressChild.jsm, line 58: TypeError: this.mm.content is null

###!!! [Child][RunMessage] Error: Channel closing: too late to send/recv, messages will be lost

1553522695546	Marionette	INFO	Stopped listening on port 38909
[Parent 23560, Gecko_IOThread] WARNING: pipe error (110): Connection reset by peer: file /build/firefox-DVGW0d/firefox-65.0.1+build2/ipc/chromium/src/chrome/common/ipc_channel_posix.cc, line 349
1553522695613	Marionette	INFO	Stopped listening on port 41353
1553522695626	Marionette	INFO	Stopped listening on port 42955
1553522695702	Marionette	INFO	Stopped listening on port 33541
1553522695763	Marionette	INFO	Stopped listening on port 43077
